\BOOKMARK [1][-]{Genshinsectioncounter.1}{\376\377\173\054\000\040\000i\220\350\122\006\000\040\213\276\213\241\213\364\146\016\116\146}{}% 1
\BOOKMARK [1][-]{section.1}{\376\377\173\054\0001\172\340\000\040\213\276\213\241\200\314\146\157}{}% 2
\BOOKMARK [2][-]{subsection.1.1}{\376\377\0001\000.\0001\000\040\213\276\213\241\116\373\122\241\200\314\146\157}{section.1}% 3
\BOOKMARK [2][-]{subsection.1.2}{\376\377\0001\000.\0002\000\040\121\372\154\064\143\222\145\076\150\007\121\306\211\304\203\003}{section.1}% 4
\BOOKMARK [2][-]{subsection.1.3}{\376\377\0001\000.\0003\000\040\213\276\213\241\166\356\166\204\123\312\116\373\122\241}{section.1}% 5
\BOOKMARK [1][-]{section.2}{\376\377\173\054\0002\172\340\000\040\213\276\213\241\140\073\213\364\146\016}{}% 6
\BOOKMARK [2][-]{subsection.2.1}{\376\377\0002\000.\0001\000\040\135\345\172\013\151\202\121\265}{section.2}% 7
\BOOKMARK [3][-]{subsubsection.2.1.1}{\376\377\0002\000.\0001\000.\0001\000\040\127\316\136\002\151\202\121\265}{subsection.2.1}% 8
\BOOKMARK [3][-]{subsubsection.2.1.2}{\376\377\0002\000.\0001\000.\0002\000\040\154\141\154\064\131\004\164\006\123\202\151\202\121\265\123\312\213\276\213\241\211\304\152\041}{subsection.2.1}% 9
\BOOKMARK [2][-]{subsection.2.2}{\376\377\0002\000.\0002\000\040\135\345\202\172\217\320\210\114\162\266\121\265}{section.2}% 10
\BOOKMARK [3][-]{subsubsection.2.2.1}{\376\377\0002\000.\0002\000.\0001\000\040\135\345\202\172\155\101\172\013}{subsection.2.2}% 11
\BOOKMARK [3][-]{subsubsection.2.2.2}{\376\377\0002\000.\0002\000.\0002\000\040\217\333\121\372\154\064\215\050}{subsection.2.2}% 12
\BOOKMARK [2][-]{subsection.2.3}{\376\377\0002\000.\0003\000\040\213\276\213\241\117\235\143\156}{section.2}% 13
\BOOKMARK [3][-]{subsubsection.2.3.1}{\376\377\0002\000.\0003\000.\0001\000\040\154\325\137\213\154\325\211\304}{subsection.2.3}% 14
\BOOKMARK [3][-]{subsubsection.2.3.2}{\376\377\0002\000.\0003\000.\0002\000\040\123\302\200\003\211\304\203\003\123\312\150\007\121\306}{subsection.2.3}% 15
\BOOKMARK [1][-]{Genshinsectioncounter.2}{\376\377\173\054\000\040\000i\000i\220\350\122\006\000\040\213\241\173\227\213\364\146\016\116\146}{}% 16
\BOOKMARK [1][-]{section.3}{\376\377\173\054\0003\172\340\000\040\131\004\164\006\147\204\173\121\162\151\213\276\213\241\123\312\220\011\127\213}{}% 17
\BOOKMARK [2][-]{subsection.3.1}{\376\377\0003\000.\0001\000\040\150\074\150\005}{section.3}% 18
\BOOKMARK [3][-]{subsubsection.3.1.1}{\376\377\0003\000.\0001\000.\0001\000\040\127\372\170\100\145\160\143\156}{subsection.3.1}% 19
\BOOKMARK [3][-]{subsubsection.3.1.2}{\376\377\0003\000.\0001\000.\0002\000\040\174\227\150\074\150\005\213\241\173\227\203\111\126\376}{subsection.3.1}% 20
\BOOKMARK [3][-]{subsubsection.3.1.3}{\376\377\0003\000.\0001\000.\0003\000\040\174\227\150\074\150\005\166\204\213\241\173\227}{subsection.3.1}% 21
\BOOKMARK [3][-]{subsubsection.3.1.4}{\376\377\0003\000.\0001\000.\0004\000\040\176\306\150\074\150\005\213\276\213\241\145\160\143\156}{subsection.3.1}% 22
\BOOKMARK [3][-]{subsubsection.3.1.5}{\376\377\0003\000.\0001\000.\0005\000\040\176\306\150\074\150\005\166\204\213\241\173\227}{subsection.3.1}% 23
\BOOKMARK [2][-]{subsection.3.2}{\376\377\0003\000.\0002\000\040\154\211\170\002\154\140}{section.3}% 24
\BOOKMARK [3][-]{subsubsection.3.2.1}{\376\377\0003\000.\0002\000.\0001\000\040\154\211\170\002\154\140\166\204\220\011\142\351}{subsection.3.2}% 25
\BOOKMARK [3][-]{subsubsection.3.2.2}{\376\377\0003\000.\0002\000.\0002\000\040\146\335\154\024\154\211\170\002\154\140\166\204\213\241\173\227}{subsection.3.2}% 26
\BOOKMARK [2][-]{subsection.3.3}{\376\377\0003\000.\0003\000\040\145\071\202\157\123\141\234\201\130\136\134\024\154\047\123\026\154\237}{section.3}% 27
\BOOKMARK [3][-]{subsubsection.3.3.1}{\376\377\0003\000.\0003\000.\0001\000\040\213\276\213\241\127\372\147\054\123\302\145\160}{subsection.3.3}% 28
\BOOKMARK [3][-]{subsubsection.3.3.2}{\376\377\0003\000.\0003\000.\0002\000\040\131\175\000/\177\072\000/\123\214\154\047\123\072\213\241\173\227}{subsection.3.3}% 29
\BOOKMARK [2][-]{subsection.3.4}{\376\377\0003\000.\0004\000\040\116\214\154\211\154\140}{section.3}% 30
\BOOKMARK [3][-]{subsubsection.3.4.1}{\376\377\0003\000.\0004\000.\0001\000\040\116\214\154\211\154\140\166\204\220\011\142\351}{subsection.3.4}% 31
\BOOKMARK [3][-]{subsubsection.3.4.2}{\376\377\0003\000.\0004\000.\0002\000\040\213\241\173\227\145\160\143\156\116\016\147\141\116\366}{subsection.3.4}% 32
\BOOKMARK [3][-]{subsubsection.3.4.3}{\376\377\0003\000.\0004\000.\0003\000\040\116\073\117\123\213\276\213\241\213\241\173\227}{subsection.3.4}% 33
\BOOKMARK [3][-]{subsubsection.3.4.4}{\376\377\0003\000.\0004\000.\0004\000\040\116\055\137\303\217\333\154\064\133\374\155\101\173\122\123\312\172\063\155\101\173\122}{subsection.3.4}% 34
\BOOKMARK [2][-]{subsection.3.5}{\376\377\0003\000.\0005\000\040\154\141\154\345\155\123\177\051\201\061\154\064}{section.3}% 35
\BOOKMARK [3][-]{subsubsection.3.5.1}{\376\377\0003\000.\0005\000.\0001\000\040\127\372\170\100\145\160\143\156}{subsection.3.5}% 36
\BOOKMARK [3][-]{subsubsection.3.5.2}{\376\377\0003\000.\0005\000.\0002\000\040\122\240\123\213\156\266\154\024\154\024\155\156\135\345\202\172\143\007\150\007\213\241\173\227}{subsection.3.5}% 37
\BOOKMARK [3][-]{subsubsection.3.5.3}{\376\377\0003\000.\0005\000.\0003\000\040\154\024\155\156\154\140\143\245\211\346\133\244}{subsection.3.5}% 38
\BOOKMARK [3][-]{subsubsection.3.5.4}{\376\377\0003\000.\0005\000.\0004\000\040\154\024\155\156\122\006\171\273\133\244}{subsection.3.5}% 39
\BOOKMARK [3][-]{subsubsection.3.5.5}{\376\377\0003\000.\0005\000.\0005\000\040\156\266\154\024\213\276\131\007}{subsection.3.5}% 40
\BOOKMARK [3][-]{subsubsection.3.5.6}{\376\377\0003\000.\0005\000.\0006\000\040\154\141\154\345\201\061\154\064}{subsection.3.5}% 41
\BOOKMARK [2][-]{subsection.3.6}{\376\377\0003\000.\0006\000\040\155\210\153\322\154\140}{section.3}% 42
\BOOKMARK [3][-]{subsubsection.3.6.1}{\376\377\0003\000.\0006\000.\0001\000\040\155\210\153\322\145\271\137\017\166\204\220\011\142\351}{subsection.3.6}% 43
\BOOKMARK [3][-]{subsubsection.3.6.2}{\376\377\0003\000.\0006\000.\0002\000\040\201\355\154\047\155\210\153\322\143\245\211\346\154\140\213\276\213\241}{subsection.3.6}% 44
\BOOKMARK [3][-]{subsubsection.3.6.3}{\376\377\0003\000.\0006\000.\0003\000\040\201\355\154\047\123\321\165\037\126\150\142\100\227\000\172\172\154\024\221\317}{subsection.3.6}% 45
\BOOKMARK [2][-]{subsection.3.7}{\376\377\0003\000.\0007\000\040\143\320\123\107\154\365\142\077}{section.3}% 46
\BOOKMARK [3][-]{subsubsection.3.7.1}{\376\377\0003\000.\0007\000.\0001\000\040\154\064\154\365\140\073\142\154\172\013\117\060\173\227}{subsection.3.7}% 47
\BOOKMARK [3][-]{subsubsection.3.7.2}{\376\377\0003\000.\0007\000.\0002\000\040\143\320\123\107\154\365\166\204\220\011\127\213}{subsection.3.7}% 48
\BOOKMARK [3][-]{subsubsection.3.7.3}{\376\377\0003\000.\0007\000.\0003\000\040\154\064\154\365\147\000\131\047\133\211\210\305\232\330\136\246}{subsection.3.7}% 49
\BOOKMARK [3][-]{subsubsection.3.7.4}{\376\377\0003\000.\0007\000.\0004\000\040\226\306\154\064\154\140\166\204\213\241\173\227}{subsection.3.7}% 50
\BOOKMARK [1][-]{section.4}{\376\377\173\054\0004\172\340\000\040\123\202\123\072\140\073\126\376\213\276\213\241}{}% 51
\BOOKMARK [2][-]{subsection.4.1}{\376\377\0004\000.\0001\000\040\123\202\123\072\173\241\220\123}{section.4}% 52
\BOOKMARK [3][-]{subsubsection.4.1.1}{\376\377\0004\000.\0001\000.\0001\000\040\123\202\123\072\173\241\220\123\122\006\174\173}{subsection.4.1}% 53
\BOOKMARK [3][-]{subsubsection.4.1.2}{\376\377\0004\000.\0001\000.\0002\000\040\217\333\154\064\173\241\156\040\166\204\213\241\173\227}{subsection.4.1}% 54
\BOOKMARK [3][-]{subsubsection.4.1.3}{\376\377\0004\000.\0001\000.\0003\000\040\154\047\123\026\154\237\173\241\220\123\166\204\213\276\213\241}{subsection.4.1}% 55
\BOOKMARK [2][-]{subsection.4.2}{\376\377\0004\000.\0002\000\040\232\330\172\013\126\376\136\003\177\156}{section.4}% 56
\BOOKMARK [1][-]{section*.40}{\376\377\140\073\176\323}{}% 57
\BOOKMARK [1][-]{section*.40}{\376\377\123\302\200\003\145\207\163\056}{}% 58
\BOOKMARK [1][-]{section*.42}{\376\377\201\364\214\042}{}% 59
\BOOKMARK [1][-]{Genshinsectioncounter.3}{\376\377\173\054\000\040\000i\000i\000i\220\350\122\006\000\040\213\276\213\241\126\376\226\306}{}% 60
\BOOKMARK [2][-]{subsection*.45}{\376\377\177\051\165\145\126\376\060\020\150\074\150\005\123\312\146\335\154\024\154\211\170\002\154\140\136\163\122\126\227\142\126\376\060\021}{Genshinsectioncounter.3}% 61
\BOOKMARK [2][-]{subsection*.47}{\376\377\177\051\165\145\126\376\060\020\145\071\202\157\123\141\234\201\130\136\134\024\154\047\123\026\154\237\136\163\122\126\227\142\060\021}{Genshinsectioncounter.3}% 62
\BOOKMARK [2][-]{subsection*.49}{\376\377\177\051\165\145\126\376\060\020\116\214\154\211\154\140\136\163\122\126\227\142\126\376\060\021}{Genshinsectioncounter.3}% 63
\BOOKMARK [2][-]{subsection*.51}{\376\377\177\051\165\145\126\376\060\020\122\240\123\213\156\266\154\024\154\024\155\156\154\140\060\021}{Genshinsectioncounter.3}% 64
\BOOKMARK [2][-]{subsection*.53}{\376\377\177\051\165\145\126\376\060\020\201\355\154\047\155\210\153\322\154\140\136\163\122\126\227\142\126\376\060\021}{Genshinsectioncounter.3}% 65
\BOOKMARK [2][-]{subsection*.55}{\376\377\177\051\165\145\126\376\060\020\143\320\123\107\154\365\142\077\136\163\122\126\227\142\126\376\060\021}{Genshinsectioncounter.3}% 66
\BOOKMARK [2][-]{subsection*.57}{\376\377\177\051\165\145\126\376\060\020\154\141\154\064\131\004\164\006\123\202\136\163\227\142\136\003\177\156\126\376\060\021}{Genshinsectioncounter.3}% 67
\BOOKMARK [2][-]{subsection*.59}{\376\377\177\051\165\145\126\376\060\020\154\141\154\064\131\004\164\006\123\202\232\330\172\013\136\003\177\156\126\376\060\021}{Genshinsectioncounter.3}% 68
