\BOOKMARK [1][]{Doc-Start}{\376\377\144\130\000\040\000\040\211\201}{}% 1
\BOOKMARK [1][]{Doc-Start}{\376\377\000A\000B\000S\000T\000R\000A\000C\000T}{}% 2
\BOOKMARK [1][]{section*.1}{\376\377\143\322\000\040\000\040\126\376}{}% 3
\BOOKMARK [1][]{section*.2}{\376\377\210\150\000\040\000\040\150\074}{}% 4
\BOOKMARK [1][]{section.1}{\376\377\173\054\0001\172\340\000\040\133\236\232\214\116\000\000\040\154\064\163\257\130\203\215\050\221\317\163\260\162\266\213\304\116\367}{}% 5
\BOOKMARK [2][]{subsection.1.1}{\376\377\0001\000.\0001\000\040\145\131\133\146\166\356\166\204\116\016\211\201\154\102}{section.1}% 6
\BOOKMARK [2][]{subsection.1.2}{\376\377\0001\000.\0002\000\040\133\236\232\214\142\245\124\112\200\314\146\157}{section.1}% 7
\BOOKMARK [3][]{subsubsection.1.2.1}{\376\377\0001\000.\0002\000.\0001\000\040\154\064\215\050\143\007\145\160\154\325}{subsection.1.2}% 8
\BOOKMARK [3][]{subsubsection.1.2.2}{\376\377\0001\000.\0002\000.\0002\000\040\213\241\173\227\150\007\121\306\211\201\154\102}{subsection.1.2}% 9
\BOOKMARK [2][]{subsection.1.3}{\376\377\0001\000.\0003\000\040\142\245\124\112\116\073\117\123\121\205\133\271}{section.1}% 10
\BOOKMARK [3][]{subsubsection.1.3.1}{\376\377\0001\000.\0003\000.\0001\000\040\154\064\215\050\140\305\121\265}{subsection.1.3}% 11
\BOOKMARK [3][]{subsubsection.1.3.2}{\376\377\0001\000.\0003\000.\0002\000\040\000E\000x\000c\000e\000l\131\004\164\006\153\145\232\244}{subsection.1.3}% 12
\BOOKMARK [3][]{subsubsection.1.3.3}{\376\377\0001\000.\0003\000.\0003\000\040\154\064\215\050\123\302\145\160\213\304\116\367\176\323\147\234\116\016\122\006\147\220}{subsection.1.3}% 13
\BOOKMARK [2][]{subsection.1.4}{\376\377\0001\000.\0004\000\040\134\017\176\323\123\312\136\372\213\256}{section.1}% 14
\BOOKMARK [1][]{section.2}{\376\377\173\054\0002\172\340\000\040\133\236\232\214\116\214\000\040\131\047\154\024\163\257\130\203\215\050\221\317\163\260\162\266\213\304\116\367}{}% 15
\BOOKMARK [2][]{subsection.2.1}{\376\377\0002\000.\0001\000\040\145\131\133\146\166\356\166\204\116\016\211\201\154\102}{section.2}% 16
\BOOKMARK [2][]{subsection.2.2}{\376\377\0002\000.\0002\000\040\133\236\232\214\142\245\124\112\200\314\146\157}{section.2}% 17
\BOOKMARK [2][]{subsection.2.3}{\376\377\0002\000.\0003\000\040\142\245\124\112\116\073\117\123\121\205\133\271}{section.2}% 18
\BOOKMARK [3][]{subsubsection.2.3.1}{\376\377\0002\000.\0003\000.\0001\000\040\150\007\121\306\155\123\136\246\226\120\120\074}{subsection.2.3}% 19
\BOOKMARK [3][]{subsubsection.2.3.2}{\376\377\0002\000.\0003\000.\0002\000\040\000A\000E\000R\000S\000C\000R\000E\000E\000N\117\060\173\227\152\041\127\213}{subsection.2.3}% 20
\BOOKMARK [3][]{subsubsection.2.3.3}{\376\377\0002\000.\0003\000.\0003\000\040\000E\000I\000A\000P\000R\000O\000A\0002\0000\0001\0008\144\315\117\134\153\145\232\244}{subsection.2.3}% 21
\BOOKMARK [3][]{subsubsection.2.3.4}{\376\377\0002\000.\0003\000.\0004\000\040\173\133\220\011\213\241\173\227\116\016\213\304\116\367\173\111\176\247\117\030\123\026}{subsection.2.3}% 22
\BOOKMARK [3][]{subsubsection.2.3.5}{\376\377\0002\000.\0003\000.\0005\000\040\131\047\154\024\163\257\130\203\166\321\155\113\213\241\122\022}{subsection.2.3}% 23
\BOOKMARK [2][]{subsection.2.4}{\376\377\0002\000.\0004\000\040\134\017\176\323\123\312\136\372\213\256}{section.2}% 24
\BOOKMARK [1][]{section.3}{\376\377\173\054\0003\172\340\000\040\133\236\232\214\116\011\000\040\127\037\130\344\163\257\130\203\215\050\221\317\163\260\162\266\214\003\147\345}{}% 25
\BOOKMARK [2][]{subsection.3.1}{\376\377\0003\000.\0001\000\040\145\131\133\146\166\356\166\204\116\016\211\201\154\102}{section.3}% 26
\BOOKMARK [2][]{subsection.3.2}{\376\377\0003\000.\0002\000\040\133\236\232\214\142\245\124\112\200\314\146\157}{section.3}% 27
\BOOKMARK [2][]{subsection.3.3}{\376\377\0003\000.\0003\000\040\142\245\124\112\116\073\117\123\121\205\133\271}{section.3}% 28
\BOOKMARK [3][]{subsubsection.3.3.1}{\376\377\0003\000.\0003\000.\0001\000\040\166\321\155\113\203\003\126\364}{subsection.3.3}% 29
\BOOKMARK [3][]{subsubsection.3.3.2}{\376\377\0003\000.\0003\000.\0002\000\040\166\321\155\113\136\003\160\271}{subsection.3.3}% 30
\BOOKMARK [3][]{subsubsection.3.3.3}{\376\377\0003\000.\0003\000.\0003\000\040\166\321\155\113\126\340\133\120}{subsection.3.3}% 31
\BOOKMARK [3][]{subsubsection.3.3.4}{\376\377\0003\000.\0003\000.\0004\000\040\166\321\155\113\145\271\154\325}{subsection.3.3}% 32
\BOOKMARK [3][]{subsubsection.3.3.5}{\376\377\0003\000.\0003\000.\0005\000\040\166\321\155\113\145\366\147\037}{subsection.3.3}% 33
\BOOKMARK [3][]{subsubsection.3.3.6}{\376\377\0003\000.\0003\000.\0006\000\040\166\321\155\113\153\041\145\160}{subsection.3.3}% 34
\BOOKMARK [2][]{subsection.3.4}{\376\377\0003\000.\0004\000\040\134\017\176\323\123\312\136\372\213\256}{section.3}% 35
\BOOKMARK [1][]{section.4}{\376\377\173\054\0004\172\340\000\040\133\236\232\214\126\333\000\040\130\360\163\257\130\203\215\050\221\317\163\260\162\266\213\304\116\367}{}% 36
\BOOKMARK [2][]{subsection.4.1}{\376\377\0004\000.\0001\000\040\145\131\133\146\166\356\166\204\116\016\211\201\154\102}{section.4}% 37
\BOOKMARK [2][]{subsection.4.2}{\376\377\0004\000.\0002\000\040\133\236\232\214\142\245\124\112\200\314\146\157}{section.4}% 38
\BOOKMARK [3][]{subsubsection.4.2.1}{\376\377\0004\000.\0002\000.\0001\000\040\166\321\155\113\160\271\136\003\213\276}{subsection.4.2}% 39
\BOOKMARK [3][]{subsubsection.4.2.2}{\376\377\0004\000.\0002\000.\0002\000\040\166\321\155\113\230\171\166\356\213\364\146\016}{subsection.4.2}% 40
\BOOKMARK [3][]{subsubsection.4.2.3}{\376\377\0004\000.\0002\000.\0003\000\040\166\321\155\113\213\304\116\367\166\370\121\163\150\007\121\306}{subsection.4.2}% 41
\BOOKMARK [2][]{subsection.4.3}{\376\377\0004\000.\0003\000\040\142\245\124\112\116\073\117\123\220\350\122\006}{section.4}% 42
\BOOKMARK [3][]{subsubsection.4.3.1}{\376\377\0004\000.\0003\000.\0001\000\040\145\160\143\156\122\240\135\345}{subsection.4.3}% 43
\BOOKMARK [3][]{subsubsection.4.3.2}{\376\377\0004\000.\0003\000.\0002\000\040\000E\000I\000A\000N\000\040\0002\000.\0000\000\040\144\315\117\134\153\145\232\244}{subsection.4.3}% 44
\BOOKMARK [3][]{subsubsection.4.3.3}{\376\377\0004\000.\0003\000.\0003\000\040\000S\000C\000V\000\040\145\207\116\366\165\037\142\020}{subsection.4.3}% 45
\BOOKMARK [3][]{subsubsection.4.3.4}{\376\377\0004\000.\0003\000.\0004\000\040\000S\000u\000f\000e\000r\000\040\144\315\117\134\153\145\232\244}{subsection.4.3}% 46
\BOOKMARK [3][]{subsubsection.4.3.5}{\376\377\0004\000.\0003\000.\0005\000\040\213\304\116\367\122\006\147\220}{subsection.4.3}% 47
\BOOKMARK [2][]{subsection.4.4}{\376\377\0004\000.\0004\000\040\134\017\176\323\123\312\136\372\213\256}{section.4}% 48
\BOOKMARK [1][]{section.5}{\376\377\173\054\0005\172\340\000\040\131\145\176\364\116\222\122\250\127\060\126\376\217\157\116\366\116\313\176\315}{}% 49
\BOOKMARK [2][]{subsection.5.1}{\376\377\0005\000.\0001\000\040\217\157\116\366\127\372\147\054\151\202\121\265}{section.5}% 50
\BOOKMARK [2][]{subsection.5.2}{\376\377\0005\000.\0002\000\040\116\073\211\201\122\237\200\375\124\214\220\002\165\050\203\003\126\364}{section.5}% 51
\BOOKMARK [3][]{subsubsection.5.2.1}{\376\377\0005\000.\0002\000.\0001\000\040\116\073\211\201\122\237\200\375}{subsection.5.2}% 52
\BOOKMARK [3][]{subsubsection.5.2.2}{\376\377\0005\000.\0002\000.\0002\000\040\220\002\165\050\203\003\126\364}{subsection.5.2}% 53
\BOOKMARK [2][]{subsection.5.3}{\376\377\0005\000.\0003\000\040\121\167\117\123\163\257\213\304\150\110\117\213\116\055\166\204\136\224\165\050}{section.5}% 54
\BOOKMARK [3][]{subsubsection.5.3.1}{\376\377\0005\000.\0003\000.\0001\000\040\131\047\154\024\163\257\130\203\163\257\213\304\136\224\165\050}{subsection.5.3}% 55
\BOOKMARK [3][]{subsubsection.5.3.2}{\376\377\0005\000.\0003\000.\0002\000\040\127\037\130\344\163\257\130\203\163\257\213\304\136\224\165\050}{subsection.5.3}% 56
\BOOKMARK [3][]{subsubsection.5.3.3}{\376\377\0005\000.\0003\000.\0003\000\040\130\360\163\257\130\203\163\257\213\304\136\224\165\050}{subsection.5.3}% 57
\BOOKMARK [2][]{subsection.5.4}{\376\377\0005\000.\0004\000\040\134\017\176\323\116\016\136\372\213\256}{section.5}% 58
\BOOKMARK [3][]{subsubsection.5.4.1}{\376\377\0005\000.\0004\000.\0001\000\040\217\157\116\366\117\177\165\050\134\017\176\323}{subsection.5.4}% 59
\BOOKMARK [3][]{subsubsection.5.4.2}{\376\377\0005\000.\0004\000.\0002\000\040\217\157\116\366\117\177\165\050\136\372\213\256}{subsection.5.4}% 60
\BOOKMARK [1][]{Item.152}{\376\377\201\364\000\040\000\040\214\042}{}% 61
\BOOKMARK [1][]{Item.152}{\376\377\123\302\200\003\145\207\163\056}{}% 62
